<?xml version="1.0" encoding="UTF-8"?>
<!-- Generated by org.testng.reporters.JUnitReportReporter -->
<testsuite hostname="HAREESHMA-SARATH-IRISH" failures="0" tests="1" name="testClasses.RegisterPatientTestClass" time="39.279" errors="0" timestamp="2024-08-03T11:20:37 IST" skipped="0">
  <testcase classname="testClasses.RegisterPatientTestClass" name="verifyToRegisterPatient" time="39.279"/>
  <system-out/>
</testsuite> <!-- testClasses.RegisterPatientTestClass -->
