<?xml version="1.0" encoding="UTF-8"?>
<!-- Generated by org.testng.reporters.JUnitReportReporter -->
<testsuite hostname="HAREESHMA-SARATH-IRISH" failures="0" tests="1" name="testClasses.BaseClass" time="14.491" errors="0" timestamp="2024-07-25T10:28:53 IST" skipped="0">
  <testcase classname="testClasses.BaseClass" name="f" time="14.491"/>
  <system-out/>
</testsuite> <!-- testClasses.BaseClass -->
