<?xml version="1.0" encoding="UTF-8"?>
<!-- Generated by org.testng.reporters.JUnitReportReporter -->
<testsuite hostname="HAREESHMA-SARATH-IRISH" failures="0" tests="3" name="testClasses.HomePageTestClass" time="42.202" errors="0" timestamp="2024-07-31T11:08:57 IST" skipped="1">
  <testcase classname="testClasses.HomePageTestClass" name="verifyAllTilesAreDisplayedInHomePage" time="13.388"/>
  <system-out/>
  <testcase classname="testClasses.HomePageTestClass" name="verifyRegisterAPatientTileIsClickable" time="26.116"/>
  <system-out/>
  <testcase classname="testClasses.HomePageTestClass" name="verifyRegisterAPatientTileIsClickable" time="2.698">
    <skipped/>
  </testcase> <!-- verifyRegisterAPatientTileIsClickable -->
  <system-out/>
</testsuite> <!-- testClasses.HomePageTestClass -->
