<?xml version="1.0" encoding="UTF-8"?>
<!-- Generated by org.testng.reporters.JUnitReportReporter -->
<testsuite hostname="HAREESHMA-SARATH-IRISH" failures="0" tests="4" name="testClasses.LoginTestClass" time="72.380" errors="0" timestamp="2024-07-31T11:08:57 IST" skipped="0">
  <testcase classname="testClasses.LoginTestClass" name="verifySuccessfullLogin" time="21.197"/>
  <system-out/>
  <testcase classname="testClasses.LoginTestClass" name="verifyUnsuccessfulLogin" time="16.495"/>
  <system-out/>
  <testcase classname="testClasses.LoginTestClass" name="verifyUnsuccessfulLogin" time="14.987"/>
  <system-out/>
  <testcase classname="testClasses.LoginTestClass" name="verifyUnsuccessfulLogin" time="19.701"/>
  <system-out/>
</testsuite> <!-- testClasses.LoginTestClass -->
