<?xml version="1.0" encoding="UTF-8"?>
<!-- Generated by org.testng.reporters.JUnitReportReporter -->
<testsuite hostname="HAREESHMA-SARATH-IRISH" failures="0" tests="2" name="testClasses.HomePageTestClass" time="39.269" errors="0" timestamp="2024-08-01T21:23:52 IST" skipped="0">
  <testcase classname="testClasses.HomePageTestClass" name="verifyAllTilesAreDisplayedInHomePage" time="13.128"/>
  <system-out/>
  <testcase classname="testClasses.HomePageTestClass" name="verifyRegisterAPatientTileIsClickable" time="26.141"/>
  <system-out/>
</testsuite> <!-- testClasses.HomePageTestClass -->
