<?xml version="1.0" encoding="UTF-8"?>
<!-- Generated by org.testng.reporters.JUnitReportReporter -->
<testsuite hostname="HAREESHMA-SARATH-IRISH" failures="0" tests="1" name="testClasses.LoginTestClass" time="8.733" errors="0" timestamp="2024-08-07T20:36:48 IST" skipped="0">
  <testcase classname="testClasses.LoginTestClass" name="verifySuccessfullLogin" time="8.733"/>
  <system-out/>
</testsuite> <!-- testClasses.LoginTestClass -->
